[2025-03-06 12:27:01.119] [4968] [HailoRT] [info] [device.cpp:49] [Device] OS Version: Linux 6.6.74+rpt-rpi-2712 #1 SMP PREEMPT Debian 1:6.6.74-1+rpt1 (2025-01-27) aarch64
[2025-03-06 12:27:01.120] [4968] [HailoRT] [info] [control.cpp:108] [control__parse_identify_results] firmware_version is: 4.20.0
[2025-03-06 12:27:01.121] [4968] [HailoRT] [info] [control.cpp:108] [control__parse_identify_results] firmware_version is: 4.20.0
[2025-03-06 12:29:46.019] [5033] [HailoRT] [info] [device.cpp:49] [Device] OS Version: Linux 6.6.74+rpt-rpi-2712 #1 SMP PREEMPT Debian 1:6.6.74-1+rpt1 (2025-01-27) aarch64
[2025-03-06 12:29:46.020] [5033] [HailoRT] [info] [control.cpp:108] [control__parse_identify_results] firmware_version is: 4.20.0
[2025-03-06 12:29:46.022] [5033] [HailoRT] [info] [control.cpp:108] [control__parse_identify_results] firmware_version is: 4.20.0
[2025-03-06 12:29:50.002] [5049] [HailoRT] [info] [device.cpp:49] [Device] OS Version: Linux 6.6.74+rpt-rpi-2712 #1 SMP PREEMPT Debian 1:6.6.74-1+rpt1 (2025-01-27) aarch64
[2025-03-06 12:29:50.004] [5049] [HailoRT] [info] [control.cpp:108] [control__parse_identify_results] firmware_version is: 4.20.0
[2025-03-06 12:29:50.004] [5049] [HailoRT] [info] [control.cpp:108] [control__parse_identify_results] firmware_version is: 4.20.0
[2025-03-06 12:29:50.069] [5046] [HailoRT] [info] [vdevice.cpp:523] [create] Creating vdevice with params: device_count: 1, scheduling_algorithm: ROUND_ROBIN, multi_process_service: false
[2025-03-06 12:29:50.081] [5046] [HailoRT] [info] [device.cpp:49] [Device] OS Version: Linux 6.6.74+rpt-rpi-2712 #1 SMP PREEMPT Debian 1:6.6.74-1+rpt1 (2025-01-27) aarch64
[2025-03-06 12:29:50.083] [5046] [HailoRT] [info] [control.cpp:108] [control__parse_identify_results] firmware_version is: 4.20.0
[2025-03-06 12:29:50.083] [5046] [HailoRT] [info] [vdevice.cpp:651] [create] VDevice Infos: 0000:01:00.0
[2025-03-06 12:29:50.083] [5046] [HailoRT] [error] [file_utils.cpp:40] [read_binary_file] CHECK failed - Error opening file /home/bitsimnow/Hailo-RPi5-Object-Detection/../resources/yolov8s_h8l.hef
[2025-03-06 12:29:50.083] [5046] [HailoRT] [error] [hef.cpp:525] [parse_hef_file] CHECK_SUCCESS failed with status=HAILO_OPEN_FILE_FAILURE(13)
[2025-03-06 12:29:50.083] [5046] [HailoRT] [error] [hef.cpp:1002] [Impl] Failed parsing HEF file
[2025-03-06 12:29:50.083] [5046] [HailoRT] [error] [hef.cpp:314] [create] Failed creating HEF
[2025-03-06 12:29:50.083] [5046] [HailoRT] [error] [hef.cpp:170] [create] CHECK_SUCCESS failed with status=HAILO_OPEN_FILE_FAILURE(13)
[2025-03-06 12:29:50.083] [5046] [HailoRT] [error] [infer_model.cpp:242] [create] CHECK_SUCCESS failed with status=HAILO_OPEN_FILE_FAILURE(13)
[2025-03-06 12:29:50.083] [5046] [HailoRT] [error] [vdevice.cpp:756] [create_infer_model] CHECK_SUCCESS failed with status=HAILO_OPEN_FILE_FAILURE(13)
[2025-03-06 12:31:16.394] [5083] [HailoRT] [info] [device.cpp:49] [Device] OS Version: Linux 6.6.74+rpt-rpi-2712 #1 SMP PREEMPT Debian 1:6.6.74-1+rpt1 (2025-01-27) aarch64
[2025-03-06 12:31:16.395] [5083] [HailoRT] [info] [control.cpp:108] [control__parse_identify_results] firmware_version is: 4.20.0
[2025-03-06 12:31:16.396] [5083] [HailoRT] [info] [control.cpp:108] [control__parse_identify_results] firmware_version is: 4.20.0
[2025-03-06 12:31:16.457] [5080] [HailoRT] [info] [vdevice.cpp:523] [create] Creating vdevice with params: device_count: 1, scheduling_algorithm: ROUND_ROBIN, multi_process_service: false
[2025-03-06 12:31:16.469] [5080] [HailoRT] [info] [device.cpp:49] [Device] OS Version: Linux 6.6.74+rpt-rpi-2712 #1 SMP PREEMPT Debian 1:6.6.74-1+rpt1 (2025-01-27) aarch64
[2025-03-06 12:31:16.471] [5080] [HailoRT] [info] [control.cpp:108] [control__parse_identify_results] firmware_version is: 4.20.0
[2025-03-06 12:31:16.471] [5080] [HailoRT] [info] [vdevice.cpp:651] [create] VDevice Infos: 0000:01:00.0
[2025-03-06 12:31:16.471] [5080] [HailoRT] [error] [file_utils.cpp:40] [read_binary_file] CHECK failed - Error opening file /home/bitsimnow/Hailo-RPi5-Object-Detection/../resources/yolov8s_h8l.hef
[2025-03-06 12:31:16.471] [5080] [HailoRT] [error] [hef.cpp:525] [parse_hef_file] CHECK_SUCCESS failed with status=HAILO_OPEN_FILE_FAILURE(13)
[2025-03-06 12:31:16.471] [5080] [HailoRT] [error] [hef.cpp:1002] [Impl] Failed parsing HEF file
[2025-03-06 12:31:16.471] [5080] [HailoRT] [error] [hef.cpp:314] [create] Failed creating HEF
[2025-03-06 12:31:16.471] [5080] [HailoRT] [error] [hef.cpp:170] [create] CHECK_SUCCESS failed with status=HAILO_OPEN_FILE_FAILURE(13)
[2025-03-06 12:31:16.471] [5080] [HailoRT] [error] [infer_model.cpp:242] [create] CHECK_SUCCESS failed with status=HAILO_OPEN_FILE_FAILURE(13)
[2025-03-06 12:31:16.471] [5080] [HailoRT] [error] [vdevice.cpp:756] [create_infer_model] CHECK_SUCCESS failed with status=HAILO_OPEN_FILE_FAILURE(13)
[2025-03-06 12:42:36.037] [5227] [HailoRT] [info] [device.cpp:49] [Device] OS Version: Linux 6.6.74+rpt-rpi-2712 #1 SMP PREEMPT Debian 1:6.6.74-1+rpt1 (2025-01-27) aarch64
[2025-03-06 12:42:36.038] [5227] [HailoRT] [info] [control.cpp:108] [control__parse_identify_results] firmware_version is: 4.20.0
[2025-03-06 12:42:36.039] [5227] [HailoRT] [info] [control.cpp:108] [control__parse_identify_results] firmware_version is: 4.20.0
[2025-03-06 12:42:36.105] [5224] [HailoRT] [info] [vdevice.cpp:523] [create] Creating vdevice with params: device_count: 1, scheduling_algorithm: ROUND_ROBIN, multi_process_service: false
[2025-03-06 12:42:36.117] [5224] [HailoRT] [info] [device.cpp:49] [Device] OS Version: Linux 6.6.74+rpt-rpi-2712 #1 SMP PREEMPT Debian 1:6.6.74-1+rpt1 (2025-01-27) aarch64
[2025-03-06 12:42:36.119] [5224] [HailoRT] [info] [control.cpp:108] [control__parse_identify_results] firmware_version is: 4.20.0
[2025-03-06 12:42:36.119] [5224] [HailoRT] [info] [vdevice.cpp:651] [create] VDevice Infos: 0000:01:00.0
[2025-03-06 12:42:36.119] [5224] [HailoRT] [error] [file_utils.cpp:40] [read_binary_file] CHECK failed - Error opening file /home/bitsimnow/Hailo-RPi5-Object-Detection/../resources/yolov8s_h8l.hef
[2025-03-06 12:42:36.119] [5224] [HailoRT] [error] [hef.cpp:525] [parse_hef_file] CHECK_SUCCESS failed with status=HAILO_OPEN_FILE_FAILURE(13)
[2025-03-06 12:42:36.119] [5224] [HailoRT] [error] [hef.cpp:1002] [Impl] Failed parsing HEF file
[2025-03-06 12:42:36.119] [5224] [HailoRT] [error] [hef.cpp:314] [create] Failed creating HEF
[2025-03-06 12:42:36.119] [5224] [HailoRT] [error] [hef.cpp:170] [create] CHECK_SUCCESS failed with status=HAILO_OPEN_FILE_FAILURE(13)
[2025-03-06 12:42:36.119] [5224] [HailoRT] [error] [infer_model.cpp:242] [create] CHECK_SUCCESS failed with status=HAILO_OPEN_FILE_FAILURE(13)
[2025-03-06 12:42:36.119] [5224] [HailoRT] [error] [vdevice.cpp:756] [create_infer_model] CHECK_SUCCESS failed with status=HAILO_OPEN_FILE_FAILURE(13)
[2025-03-06 12:44:55.517] [5290] [HailoRT] [info] [device.cpp:49] [Device] OS Version: Linux 6.6.74+rpt-rpi-2712 #1 SMP PREEMPT Debian 1:6.6.74-1+rpt1 (2025-01-27) aarch64
[2025-03-06 12:44:55.518] [5290] [HailoRT] [info] [control.cpp:108] [control__parse_identify_results] firmware_version is: 4.20.0
[2025-03-06 12:44:55.519] [5290] [HailoRT] [info] [control.cpp:108] [control__parse_identify_results] firmware_version is: 4.20.0
[2025-03-06 12:44:55.585] [5287] [HailoRT] [info] [vdevice.cpp:523] [create] Creating vdevice with params: device_count: 1, scheduling_algorithm: ROUND_ROBIN, multi_process_service: false
[2025-03-06 12:44:55.597] [5287] [HailoRT] [info] [device.cpp:49] [Device] OS Version: Linux 6.6.74+rpt-rpi-2712 #1 SMP PREEMPT Debian 1:6.6.74-1+rpt1 (2025-01-27) aarch64
[2025-03-06 12:44:55.599] [5287] [HailoRT] [info] [control.cpp:108] [control__parse_identify_results] firmware_version is: 4.20.0
[2025-03-06 12:44:55.599] [5287] [HailoRT] [info] [vdevice.cpp:651] [create] VDevice Infos: 0000:01:00.0
[2025-03-06 12:44:55.599] [5287] [HailoRT] [error] [file_utils.cpp:40] [read_binary_file] CHECK failed - Error opening file /resources/yolov8s_h8l.hef
[2025-03-06 12:44:55.599] [5287] [HailoRT] [error] [hef.cpp:525] [parse_hef_file] CHECK_SUCCESS failed with status=HAILO_OPEN_FILE_FAILURE(13)
[2025-03-06 12:44:55.599] [5287] [HailoRT] [error] [hef.cpp:1002] [Impl] Failed parsing HEF file
[2025-03-06 12:44:55.599] [5287] [HailoRT] [error] [hef.cpp:314] [create] Failed creating HEF
[2025-03-06 12:44:55.599] [5287] [HailoRT] [error] [hef.cpp:170] [create] CHECK_SUCCESS failed with status=HAILO_OPEN_FILE_FAILURE(13)
[2025-03-06 12:44:55.599] [5287] [HailoRT] [error] [infer_model.cpp:242] [create] CHECK_SUCCESS failed with status=HAILO_OPEN_FILE_FAILURE(13)
[2025-03-06 12:44:55.599] [5287] [HailoRT] [error] [vdevice.cpp:756] [create_infer_model] CHECK_SUCCESS failed with status=HAILO_OPEN_FILE_FAILURE(13)
[2025-03-06 12:46:45.003] [5338] [HailoRT] [info] [device.cpp:49] [Device] OS Version: Linux 6.6.74+rpt-rpi-2712 #1 SMP PREEMPT Debian 1:6.6.74-1+rpt1 (2025-01-27) aarch64
[2025-03-06 12:46:45.004] [5338] [HailoRT] [info] [control.cpp:108] [control__parse_identify_results] firmware_version is: 4.20.0
[2025-03-06 12:46:45.005] [5338] [HailoRT] [info] [control.cpp:108] [control__parse_identify_results] firmware_version is: 4.20.0
[2025-03-06 12:46:45.066] [5335] [HailoRT] [info] [vdevice.cpp:523] [create] Creating vdevice with params: device_count: 1, scheduling_algorithm: ROUND_ROBIN, multi_process_service: false
[2025-03-06 12:46:45.078] [5335] [HailoRT] [info] [device.cpp:49] [Device] OS Version: Linux 6.6.74+rpt-rpi-2712 #1 SMP PREEMPT Debian 1:6.6.74-1+rpt1 (2025-01-27) aarch64
[2025-03-06 12:46:45.080] [5335] [HailoRT] [info] [control.cpp:108] [control__parse_identify_results] firmware_version is: 4.20.0
[2025-03-06 12:46:45.080] [5335] [HailoRT] [info] [vdevice.cpp:651] [create] VDevice Infos: 0000:01:00.0
[2025-03-06 12:46:45.080] [5335] [HailoRT] [error] [file_utils.cpp:40] [read_binary_file] CHECK failed - Error opening file /resources/yolov8s_h8l.hef
[2025-03-06 12:46:45.080] [5335] [HailoRT] [error] [hef.cpp:525] [parse_hef_file] CHECK_SUCCESS failed with status=HAILO_OPEN_FILE_FAILURE(13)
[2025-03-06 12:46:45.080] [5335] [HailoRT] [error] [hef.cpp:1002] [Impl] Failed parsing HEF file
[2025-03-06 12:46:45.080] [5335] [HailoRT] [error] [hef.cpp:314] [create] Failed creating HEF
[2025-03-06 12:46:45.080] [5335] [HailoRT] [error] [hef.cpp:170] [create] CHECK_SUCCESS failed with status=HAILO_OPEN_FILE_FAILURE(13)
[2025-03-06 12:46:45.080] [5335] [HailoRT] [error] [infer_model.cpp:242] [create] CHECK_SUCCESS failed with status=HAILO_OPEN_FILE_FAILURE(13)
[2025-03-06 12:46:45.080] [5335] [HailoRT] [error] [vdevice.cpp:756] [create_infer_model] CHECK_SUCCESS failed with status=HAILO_OPEN_FILE_FAILURE(13)
[2025-03-06 12:47:11.470] [5370] [HailoRT] [info] [device.cpp:49] [Device] OS Version: Linux 6.6.74+rpt-rpi-2712 #1 SMP PREEMPT Debian 1:6.6.74-1+rpt1 (2025-01-27) aarch64
[2025-03-06 12:47:11.471] [5370] [HailoRT] [info] [control.cpp:108] [control__parse_identify_results] firmware_version is: 4.20.0
[2025-03-06 12:47:11.472] [5370] [HailoRT] [info] [control.cpp:108] [control__parse_identify_results] firmware_version is: 4.20.0
[2025-03-06 12:47:11.541] [5367] [HailoRT] [info] [vdevice.cpp:523] [create] Creating vdevice with params: device_count: 1, scheduling_algorithm: ROUND_ROBIN, multi_process_service: false
[2025-03-06 12:47:11.553] [5367] [HailoRT] [info] [device.cpp:49] [Device] OS Version: Linux 6.6.74+rpt-rpi-2712 #1 SMP PREEMPT Debian 1:6.6.74-1+rpt1 (2025-01-27) aarch64
[2025-03-06 12:47:11.555] [5367] [HailoRT] [info] [control.cpp:108] [control__parse_identify_results] firmware_version is: 4.20.0
[2025-03-06 12:47:11.556] [5367] [HailoRT] [info] [vdevice.cpp:651] [create] VDevice Infos: 0000:01:00.0
[2025-03-06 12:47:11.556] [5367] [HailoRT] [error] [file_utils.cpp:40] [read_binary_file] CHECK failed - Error opening file /home/bitsimnow/Hailo-RPi5-Object-Detection/../resources/yolov8s_h8l.hef
[2025-03-06 12:47:11.556] [5367] [HailoRT] [error] [hef.cpp:525] [parse_hef_file] CHECK_SUCCESS failed with status=HAILO_OPEN_FILE_FAILURE(13)
[2025-03-06 12:47:11.556] [5367] [HailoRT] [error] [hef.cpp:1002] [Impl] Failed parsing HEF file
[2025-03-06 12:47:11.556] [5367] [HailoRT] [error] [hef.cpp:314] [create] Failed creating HEF
[2025-03-06 12:47:11.556] [5367] [HailoRT] [error] [hef.cpp:170] [create] CHECK_SUCCESS failed with status=HAILO_OPEN_FILE_FAILURE(13)
[2025-03-06 12:47:11.556] [5367] [HailoRT] [error] [infer_model.cpp:242] [create] CHECK_SUCCESS failed with status=HAILO_OPEN_FILE_FAILURE(13)
[2025-03-06 12:47:11.556] [5367] [HailoRT] [error] [vdevice.cpp:756] [create_infer_model] CHECK_SUCCESS failed with status=HAILO_OPEN_FILE_FAILURE(13)
[2025-03-06 12:47:45.203] [5406] [HailoRT] [info] [device.cpp:49] [Device] OS Version: Linux 6.6.74+rpt-rpi-2712 #1 SMP PREEMPT Debian 1:6.6.74-1+rpt1 (2025-01-27) aarch64
[2025-03-06 12:47:45.204] [5406] [HailoRT] [info] [control.cpp:108] [control__parse_identify_results] firmware_version is: 4.20.0
[2025-03-06 12:47:45.205] [5406] [HailoRT] [info] [control.cpp:108] [control__parse_identify_results] firmware_version is: 4.20.0
[2025-03-06 12:57:03.950] [5765] [HailoRT] [info] [device.cpp:49] [Device] OS Version: Linux 6.6.74+rpt-rpi-2712 #1 SMP PREEMPT Debian 1:6.6.74-1+rpt1 (2025-01-27) aarch64
[2025-03-06 12:57:03.952] [5765] [HailoRT] [info] [control.cpp:108] [control__parse_identify_results] firmware_version is: 4.20.0
[2025-03-06 12:57:03.953] [5765] [HailoRT] [info] [control.cpp:108] [control__parse_identify_results] firmware_version is: 4.20.0
[2025-03-06 12:57:14.851] [5783] [HailoRT] [info] [device.cpp:49] [Device] OS Version: Linux 6.6.74+rpt-rpi-2712 #1 SMP PREEMPT Debian 1:6.6.74-1+rpt1 (2025-01-27) aarch64
[2025-03-06 12:57:14.852] [5783] [HailoRT] [info] [control.cpp:108] [control__parse_identify_results] firmware_version is: 4.20.0
[2025-03-06 12:57:14.853] [5783] [HailoRT] [info] [control.cpp:108] [control__parse_identify_results] firmware_version is: 4.20.0
[2025-03-06 12:57:14.921] [5780] [HailoRT] [info] [vdevice.cpp:523] [create] Creating vdevice with params: device_count: 1, scheduling_algorithm: ROUND_ROBIN, multi_process_service: false
[2025-03-06 12:57:14.933] [5780] [HailoRT] [info] [device.cpp:49] [Device] OS Version: Linux 6.6.74+rpt-rpi-2712 #1 SMP PREEMPT Debian 1:6.6.74-1+rpt1 (2025-01-27) aarch64
[2025-03-06 12:57:14.935] [5780] [HailoRT] [info] [control.cpp:108] [control__parse_identify_results] firmware_version is: 4.20.0
[2025-03-06 12:57:14.935] [5780] [HailoRT] [info] [vdevice.cpp:651] [create] VDevice Infos: 0000:01:00.0
[2025-03-06 12:57:15.089] [5780] [HailoRT] [info] [hef.cpp:1929] [get_network_group_and_network_name] No name was given. Addressing all networks of default network_group: yolov8s
[2025-03-06 12:57:15.089] [5780] [HailoRT] [info] [hef.cpp:1929] [get_network_group_and_network_name] No name was given. Addressing all networks of default network_group: yolov8s
[2025-03-06 12:57:15.125] [5780] [HailoRT] [info] [internal_buffer_manager.cpp:204] [print_execution_results] Planned internal buffer memory: CMA memory 0, user memory 4551168. memory to edge layer usage factor is 1
[2025-03-06 12:57:15.125] [5780] [HailoRT] [info] [internal_buffer_manager.cpp:212] [print_execution_results] Default Internal buffer planner executed successfully
[2025-03-06 12:57:15.150] [5780] [HailoRT] [info] [device_internal.cpp:57] [configure] Configuring HEF took 36.801619 milliseconds
[2025-03-06 12:57:15.150] [5780] [HailoRT] [info] [vdevice.cpp:749] [configure] Configuring HEF on VDevice took 37.123508 milliseconds
[2025-03-06 12:57:15.150] [5780] [HailoRT] [info] [infer_model.cpp:436] [configure] Configuring network group 'yolov8s' with params: batch size: 2, power mode: PERFORMANCE, latency: NONE
[2025-03-06 12:57:15.150] [5780] [HailoRT] [info] [multi_io_elements.cpp:756] [create] Created (AsyncHwEl)
[2025-03-06 12:57:15.151] [5780] [HailoRT] [info] [queue_elements.cpp:450] [create] Created (EntryPushQEl0yolov8s/input_layer1 | timeout: 10s)
[2025-03-06 12:57:15.151] [5780] [HailoRT] [info] [filter_elements.cpp:101] [create] Created (PreInferEl3yolov8s/input_layer1 | Reorder - src_order: RGB4, src_shape: (640, 640, 3), dst_order: NHCW, dst_shape: (640, 640, 3))
[2025-03-06 12:57:15.151] [5780] [HailoRT] [info] [queue_elements.cpp:450] [create] Created (PushQEl3yolov8s/input_layer1 | timeout: 10s)
[2025-03-06 12:57:15.151] [5780] [HailoRT] [info] [multi_io_elements.cpp:135] [create] Created (NmsPPMuxEl0YOLOV8-Post-Process | Op YOLOV8, Name: YOLOV8-Post-Process, Score threshold: 0.300, IoU threshold: 0.45, Classes: 80, Cross classes: false, NMS results order: BY_CLASS, Max bboxes per class: 100, Image height: 640, Image width: 640)
[2025-03-06 12:57:15.151] [5780] [HailoRT] [info] [queue_elements.cpp:942] [create] Created (MultiPushQEl0YOLOV8-Post-Process | timeout: 10s)
[2025-03-06 12:57:15.151] [5780] [HailoRT] [info] [edge_elements.cpp:187] [create] Created (LastAsyncEl0NmsPPMuxEl0YOLOV8-Post-Process)
[2025-03-06 12:57:15.151] [5780] [HailoRT] [info] [pipeline.cpp:891] [print_deep_description] EntryPushQEl0yolov8s/input_layer1 | inputs: user | outputs: PreInferEl3yolov8s/input_layer1(running in thread_id: 5826)
[2025-03-06 12:57:15.151] [5780] [HailoRT] [info] [pipeline.cpp:891] [print_deep_description] PreInferEl3yolov8s/input_layer1 | inputs: EntryPushQEl0yolov8s/input_layer1[0] | outputs: PushQEl3yolov8s/input_layer1
[2025-03-06 12:57:15.151] [5780] [HailoRT] [info] [pipeline.cpp:891] [print_deep_description] PushQEl3yolov8s/input_layer1 | inputs: PreInferEl3yolov8s/input_layer1[0] | outputs: AsyncHwEl(running in thread_id: 5827)
[2025-03-06 12:57:15.151] [5780] [HailoRT] [info] [pipeline.cpp:891] [print_deep_description] AsyncHwEl | inputs: PushQEl3yolov8s/input_layer1[0] | outputs: MultiPushQEl0YOLOV8-Post-Process MultiPushQEl0YOLOV8-Post-Process MultiPushQEl0YOLOV8-Post-Process MultiPushQEl0YOLOV8-Post-Process MultiPushQEl0YOLOV8-Post-Process MultiPushQEl0YOLOV8-Post-Process
[2025-03-06 12:57:15.151] [5780] [HailoRT] [info] [pipeline.cpp:891] [print_deep_description] MultiPushQEl0YOLOV8-Post-Process | inputs: AsyncHwEl[0] AsyncHwEl[1] AsyncHwEl[2] AsyncHwEl[3] AsyncHwEl[4] AsyncHwEl[5] | outputs: NmsPPMuxEl0YOLOV8-Post-Process(running in thread_id: 5828)
[2025-03-06 12:57:15.151] [5780] [HailoRT] [info] [pipeline.cpp:891] [print_deep_description] NmsPPMuxEl0YOLOV8-Post-Process | inputs: MultiPushQEl0YOLOV8-Post-Process[0] | outputs: LastAsyncEl0NmsPPMuxEl0YOLOV8-Post-Process
[2025-03-06 12:57:15.151] [5780] [HailoRT] [info] [pipeline.cpp:891] [print_deep_description] LastAsyncEl0NmsPPMuxEl0YOLOV8-Post-Process | inputs: NmsPPMuxEl0YOLOV8-Post-Process[0] | outputs: user
[2025-03-06 12:57:15.484] [5812] [HailoRT] [info] [hef.cpp:1929] [get_network_group_and_network_name] No name was given. Addressing all networks of default network_group: yolov8s
[2025-03-06 12:57:23.897] [5780] [HailoRT] [info] [async_infer_runner.cpp:86] [shutdown] Pipeline was aborted. Shutting it down
[2025-03-06 12:57:23.898] [5780] [HailoRT] [info] [queue_elements.cpp:1131] [execute_deactivate] enqueue() in element MultiPushQEl0YOLOV8-Post-Process was aborted, got status = HAILO_SHUTDOWN_EVENT_SIGNALED(57)
[2025-03-06 12:57:23.898] [5780] [HailoRT] [info] [queue_elements.cpp:1131] [execute_deactivate] enqueue() in element MultiPushQEl0YOLOV8-Post-Process was aborted, got status = HAILO_SHUTDOWN_EVENT_SIGNALED(57)
[2025-03-06 12:57:23.898] [5780] [HailoRT] [info] [queue_elements.cpp:1131] [execute_deactivate] enqueue() in element MultiPushQEl0YOLOV8-Post-Process was aborted, got status = HAILO_SHUTDOWN_EVENT_SIGNALED(57)
[2025-03-06 12:57:23.898] [5780] [HailoRT] [info] [queue_elements.cpp:1131] [execute_deactivate] enqueue() in element MultiPushQEl0YOLOV8-Post-Process was aborted, got status = HAILO_SHUTDOWN_EVENT_SIGNALED(57)
[2025-03-06 12:57:23.898] [5780] [HailoRT] [info] [queue_elements.cpp:1131] [execute_deactivate] enqueue() in element MultiPushQEl0YOLOV8-Post-Process was aborted, got status = HAILO_SHUTDOWN_EVENT_SIGNALED(57)
[2025-03-06 12:57:23.898] [5780] [HailoRT] [info] [queue_elements.cpp:1131] [execute_deactivate] enqueue() in element MultiPushQEl0YOLOV8-Post-Process was aborted, got status = HAILO_SHUTDOWN_EVENT_SIGNALED(57)
[2025-03-06 12:57:23.898] [5780] [HailoRT] [info] [queue_elements.cpp:570] [execute_deactivate] enqueue() in element PushQEl3yolov8s/input_layer1 was aborted, got status = HAILO_SHUTDOWN_EVENT_SIGNALED(57)
[2025-03-06 12:57:23.898] [5780] [HailoRT] [info] [queue_elements.cpp:570] [execute_deactivate] enqueue() in element EntryPushQEl0yolov8s/input_layer1 was aborted, got status = HAILO_SHUTDOWN_EVENT_SIGNALED(57)
[2025-03-06 12:57:23.898] [5780] [HailoRT] [info] [queue_elements.cpp:46] [~BaseQueueElement] Queue element EntryPushQEl0yolov8s/input_layer1 has 0 frames in his Queue on destruction
[2025-03-06 12:57:23.898] [5780] [HailoRT] [info] [queue_elements.cpp:46] [~BaseQueueElement] Queue element PushQEl3yolov8s/input_layer1 has 0 frames in his Queue on destruction
